[      71ms] [WARNING]  [Memory: 67.7MB] App went to background - potential memory pressure point @ http://localhost:8083/index.bundle?platform=web&dev=true&hot=false&lazy=true&transform.engine=hermes&transform.routerRoot=app&unstable_transformProfile=hermes-stable:23128
[      72ms] [WARNING] [ProgressScreen] [Memory: 67.7MB] App backgrounded - potential memory pressure @ http://localhost:8083/index.bundle?platform=web&dev=true&hot=false&lazy=true&transform.engine=hermes&transform.routerRoot=app&unstable_transformProfile=hermes-stable:23128
[    3381ms] [WARNING] [expo-notifications] Listening to push token changes is not yet fully supported on web. Adding a listener will have no effect. @ http://localhost:8083/index.bundle?platform=web&dev=true&hot=false&lazy=true&transform.engine=hermes&transform.routerRoot=app&unstable_transformProfile=hermes-stable:140176
[    3466ms] [WARNING] [expo-av]: Expo AV has been deprecated and will be removed in SDK 54. Use the `expo-audio` and `expo-video` packages to replace the required functionality. @ http://localhost:8083/index.bundle?platform=web&dev=true&hot=false&lazy=true&transform.engine=hermes&transform.routerRoot=app&unstable_transformProfile=hermes-stable:151909
[    3506ms] [WARNING] "shadow*" style props are deprecated. Use "boxShadow". @ http://localhost:8083/index.bundle?platform=web&dev=true&hot=false&lazy=true&transform.engine=hermes&transform.routerRoot=app&unstable_transformProfile=hermes-stable:19691
[    3512ms] [WARNING] Require cycle: src/components/CreateRouteSheet.tsx -> src/components/RouteDetailSheet/index.tsx -> src/components/RouteDetailSheet/RouteActions.tsx -> src/components/CreateRouteSheet.tsx

Require cycles are allowed, but can result in uninitialized values. Consider refactoring to remove the need for a cycle. @ http://localhost:8083/index.bundle?platform=web&dev=true&hot=false&lazy=true&transform.engine=hermes&transform.routerRoot=app&unstable_transformProfile=hermes-stable:83
[    3648ms] UnavailabilityError: The method or property Notifications.setNotificationCategoryAsync is not available on web, are you sure you've linked all the native dependencies properly?
    at Object.setNotificationCategoryAsync (http://localhost:8083/index.bundle?platform=web&dev=true&hot=false&lazy=true&transform.engine=hermes&transform.routerRoot=app&unstable_transformProfile=hermes-stable:148145:13)
    at Object.setNotificationCategoryAsync (http://localhost:8083/index.bundle?platform=web&dev=true&hot=false&lazy=true&transform.engine=hermes&transform.routerRoot=app&unstable_transformProfile=hermes-stable:148179:56)
    at setupRecordingNotifications (http://localhost:8083/index.bundle?platform=web&dev=true&hot=false&lazy=true&transform.engine=hermes&transform.routerRoot=app&unstable_transformProfile=hermes-stable:139658:25)
    at __d.0 (http://localhost:8083/index.bundle?platform=web&dev=true&hot=false&lazy=true&transform.engine=hermes&transform.routerRoot=app&unstable_transformProfile=hermes-stable:149901:50)
    at loadModuleImplementation (http://localhost:8083/index.bundle?platform=web&dev=true&hot=false&lazy=true&transform.engine=hermes&transform.routerRoot=app&unstable_transformProfile=hermes-stable:263:7)
    at guardedLoadModule (http://localhost:8083/index.bundle?platform=web&dev=true&hot=false&lazy=true&transform.engine=hermes&transform.routerRoot=app&unstable_transformProfile=hermes-stable:169:14)
    at metroRequire (http://localhost:8083/index.bundle?platform=web&dev=true&hot=false&lazy=true&transform.engine=hermes&transform.routerRoot=app&unstable_transformProfile=hermes-stable:89:75)
    at __d.0 (http://localhost:8083/index.bundle?platform=web&dev=true&hot=false&lazy=true&transform.engine=hermes&transform.routerRoot=app&unstable_transformProfile=hermes-stable:178651:34)
    at loadModuleImplementation (http://localhost:8083/index.bundle?platform=web&dev=true&hot=false&lazy=true&transform.engine=hermes&transform.routerRoot=app&unstable_transformProfile=hermes-stable:263:7)
    at guardedLoadModule (http://localhost:8083/index.bundle?platform=web&dev=true&hot=false&lazy=true&transform.engine=hermes&transform.routerRoot=app&unstable_transformProfile=hermes-stable:169:14)
[    4504ms] [WARNING] ⚠️ [TranslationContext] NO beta.checklist translations found! @ http://localhost:8083/index.bundle?platform=web&dev=true&hot=false&lazy=true&transform.engine=hermes&transform.routerRoot=app&unstable_transformProfile=hermes-stable:23128
[    4950ms] [WARNING] props.pointerEvents is deprecated. Use style.pointerEvents @ http://localhost:8083/index.bundle?platform=web&dev=true&hot=false&lazy=true&transform.engine=hermes&transform.routerRoot=app&unstable_transformProfile=hermes-stable:23128
[    4983ms] [WARNING] Animated: `useNativeDriver` is not supported because the native animated module is missing. Falling back to JS-based animation. To resolve this, add `RCTAnimation` module to this app, or remove `useNativeDriver`. Make sure to run `bundle exec pod install` first. Read more about autolinking: https://github.com/react-native-community/cli/blob/master/docs/autolinking.md @ http://localhost:8083/index.bundle?platform=web&dev=true&hot=false&lazy=true&transform.engine=hermes&transform.routerRoot=app&unstable_transformProfile=hermes-stable:23128
[    5146ms] [ERROR] Failed to load resource: the server responded with a status of 400 () @ https://wbimxxrbzgynigwolcnk.supabase.co/rest/v1/user_unlocked_content?select=content_id%2Ccontent_type%2Cunlock_method&user_id=eq.e9dae6f0-4f0a-40b5-947c-7a29db18fc0f:0
[    5204ms] [ERROR] Invalid DOM property `%s`. Did you mean `%s`? transform-origin transformOrigin @ http://localhost:8083/index.bundle?platform=web&dev=true&hot=false&lazy=true&transform.engine=hermes&transform.routerRoot=app&unstable_transformProfile=hermes-stable:3062
[    5332ms] [WARNING] ⚠️ [TranslationContext] NO beta.checklist translations found! @ http://localhost:8083/index.bundle?platform=web&dev=true&hot=false&lazy=true&transform.engine=hermes&transform.routerRoot=app&unstable_transformProfile=hermes-stable:23128
[  263480ms] [ERROR] Unexpected text node: . A text node cannot be a child of a <View>. @ http://localhost:8083/index.bundle?platform=web&dev=true&hot=false&lazy=true&transform.engine=hermes&transform.routerRoot=app&unstable_transformProfile=hermes-stable:40982
[  263644ms] [ERROR] Unexpected text node: . A text node cannot be a child of a <View>. @ http://localhost:8083/index.bundle?platform=web&dev=true&hot=false&lazy=true&transform.engine=hermes&transform.routerRoot=app&unstable_transformProfile=hermes-stable:40982
[  263646ms] [ERROR] Unexpected text node: . A text node cannot be a child of a <Card>. {display: flex, alignItems: stretch, flexBasis: auto, boxSizing: border-box, position: relative} @ http://localhost:8083/index.bundle?platform=web&dev=true&hot=false&lazy=true&transform.engine=hermes&transform.routerRoot=app&unstable_transformProfile=hermes-stable:28620
[  263717ms] [ERROR] Unexpected text node: . A text node cannot be a child of a <View>. @ http://localhost:8083/index.bundle?platform=web&dev=true&hot=false&lazy=true&transform.engine=hermes&transform.routerRoot=app&unstable_transformProfile=hermes-stable:40982
[  263718ms] [ERROR] Unexpected text node: . A text node cannot be a child of a <Card>. {display: flex, alignItems: stretch, flexBasis: auto, boxSizing: border-box, position: relative} @ http://localhost:8083/index.bundle?platform=web&dev=true&hot=false&lazy=true&transform.engine=hermes&transform.routerRoot=app&unstable_transformProfile=hermes-stable:28620
[  263727ms] [ERROR] Unexpected text node: . A text node cannot be a child of a <Card>. {display: flex, alignItems: stretch, flexBasis: auto, boxSizing: border-box, position: relative} @ http://localhost:8083/index.bundle?platform=web&dev=true&hot=false&lazy=true&transform.engine=hermes&transform.routerRoot=app&unstable_transformProfile=hermes-stable:28620
[  263782ms] [ERROR] Unexpected text node: . A text node cannot be a child of a <View>. @ http://localhost:8083/index.bundle?platform=web&dev=true&hot=false&lazy=true&transform.engine=hermes&transform.routerRoot=app&unstable_transformProfile=hermes-stable:40982
[  263783ms] [ERROR] Unexpected text node: . A text node cannot be a child of a <Card>. {display: flex, alignItems: stretch, flexBasis: auto, boxSizing: border-box, position: relative} @ http://localhost:8083/index.bundle?platform=web&dev=true&hot=false&lazy=true&transform.engine=hermes&transform.routerRoot=app&unstable_transformProfile=hermes-stable:28620
[  263852ms] [ERROR] Unexpected text node: . A text node cannot be a child of a <View>. @ http://localhost:8083/index.bundle?platform=web&dev=true&hot=false&lazy=true&transform.engine=hermes&transform.routerRoot=app&unstable_transformProfile=hermes-stable:40982
[  263853ms] [ERROR] Unexpected text node: . A text node cannot be a child of a <Card>. {display: flex, alignItems: stretch, flexBasis: auto, boxSizing: border-box, position: relative} @ http://localhost:8083/index.bundle?platform=web&dev=true&hot=false&lazy=true&transform.engine=hermes&transform.routerRoot=app&unstable_transformProfile=hermes-stable:28620
[  263923ms] [ERROR] Unexpected text node: . A text node cannot be a child of a <View>. @ http://localhost:8083/index.bundle?platform=web&dev=true&hot=false&lazy=true&transform.engine=hermes&transform.routerRoot=app&unstable_transformProfile=hermes-stable:40982
[  263924ms] [ERROR] Unexpected text node: . A text node cannot be a child of a <Card>. {display: flex, alignItems: stretch, flexBasis: auto, boxSizing: border-box, position: relative} @ http://localhost:8083/index.bundle?platform=web&dev=true&hot=false&lazy=true&transform.engine=hermes&transform.routerRoot=app&unstable_transformProfile=hermes-stable:28620
[  263994ms] [ERROR] Unexpected text node: . A text node cannot be a child of a <View>. @ http://localhost:8083/index.bundle?platform=web&dev=true&hot=false&lazy=true&transform.engine=hermes&transform.routerRoot=app&unstable_transformProfile=hermes-stable:40982
[  263995ms] [ERROR] Unexpected text node: . A text node cannot be a child of a <Card>. {display: flex, alignItems: stretch, flexBasis: auto, boxSizing: border-box, position: relative} @ http://localhost:8083/index.bundle?platform=web&dev=true&hot=false&lazy=true&transform.engine=hermes&transform.routerRoot=app&unstable_transformProfile=hermes-stable:28620
[  264069ms] [ERROR] Unexpected text node: . A text node cannot be a child of a <View>. @ http://localhost:8083/index.bundle?platform=web&dev=true&hot=false&lazy=true&transform.engine=hermes&transform.routerRoot=app&unstable_transformProfile=hermes-stable:40982
[  264070ms] [ERROR] Unexpected text node: . A text node cannot be a child of a <Card>. {display: flex, alignItems: stretch, flexBasis: auto, boxSizing: border-box, position: relative} @ http://localhost:8083/index.bundle?platform=web&dev=true&hot=false&lazy=true&transform.engine=hermes&transform.routerRoot=app&unstable_transformProfile=hermes-stable:28620
[  264216ms] [ERROR] Unexpected text node: . A text node cannot be a child of a <View>. @ http://localhost:8083/index.bundle?platform=web&dev=true&hot=false&lazy=true&transform.engine=hermes&transform.routerRoot=app&unstable_transformProfile=hermes-stable:40982
[  264217ms] [ERROR] Unexpected text node: . A text node cannot be a child of a <Card>. {display: flex, alignItems: stretch, flexBasis: auto, boxSizing: border-box, position: relative} @ http://localhost:8083/index.bundle?platform=web&dev=true&hot=false&lazy=true&transform.engine=hermes&transform.routerRoot=app&unstable_transformProfile=hermes-stable:28620
[  264994ms] [ERROR] Unexpected text node: . A text node cannot be a child of a <View>. @ http://localhost:8083/index.bundle?platform=web&dev=true&hot=false&lazy=true&transform.engine=hermes&transform.routerRoot=app&unstable_transformProfile=hermes-stable:40982
[  264995ms] [ERROR] Unexpected text node: . A text node cannot be a child of a <Card>. {display: flex, alignItems: stretch, flexBasis: auto, boxSizing: border-box, position: relative} @ http://localhost:8083/index.bundle?platform=web&dev=true&hot=false&lazy=true&transform.engine=hermes&transform.routerRoot=app&unstable_transformProfile=hermes-stable:28620
[  265052ms] [ERROR] Unexpected text node: . A text node cannot be a child of a <View>. @ http://localhost:8083/index.bundle?platform=web&dev=true&hot=false&lazy=true&transform.engine=hermes&transform.routerRoot=app&unstable_transformProfile=hermes-stable:40982
[  265053ms] [ERROR] Unexpected text node: . A text node cannot be a child of a <Card>. {display: flex, alignItems: stretch, flexBasis: auto, boxSizing: border-box, position: relative} @ http://localhost:8083/index.bundle?platform=web&dev=true&hot=false&lazy=true&transform.engine=hermes&transform.routerRoot=app&unstable_transformProfile=hermes-stable:28620
[  265110ms] [ERROR] Unexpected text node: . A text node cannot be a child of a <View>. @ http://localhost:8083/index.bundle?platform=web&dev=true&hot=false&lazy=true&transform.engine=hermes&transform.routerRoot=app&unstable_transformProfile=hermes-stable:40982
[  265111ms] [ERROR] Unexpected text node: . A text node cannot be a child of a <Card>. {display: flex, alignItems: stretch, flexBasis: auto, boxSizing: border-box, position: relative} @ http://localhost:8083/index.bundle?platform=web&dev=true&hot=false&lazy=true&transform.engine=hermes&transform.routerRoot=app&unstable_transformProfile=hermes-stable:28620
[  265177ms] [ERROR] Unexpected text node: . A text node cannot be a child of a <View>. @ http://localhost:8083/index.bundle?platform=web&dev=true&hot=false&lazy=true&transform.engine=hermes&transform.routerRoot=app&unstable_transformProfile=hermes-stable:40982
[  265178ms] [ERROR] Unexpected text node: . A text node cannot be a child of a <Card>. {display: flex, alignItems: stretch, flexBasis: auto, boxSizing: border-box, position: relative} @ http://localhost:8083/index.bundle?platform=web&dev=true&hot=false&lazy=true&transform.engine=hermes&transform.routerRoot=app&unstable_transformProfile=hermes-stable:28620
