[      57ms] [WARNING]  [Memory: 79.9MB] App went to background - potential memory pressure point @ http://localhost:8083/index.bundle?platform=web&dev=true&hot=false&lazy=true&transform.engine=hermes&transform.routerRoot=app&unstable_transformProfile=hermes-stable:23105
[     990ms] [WARNING] [expo-notifications] Listening to push token changes is not yet fully supported on web. Adding a listener will have no effect. @ http://localhost:8083/index.bundle?platform=web&dev=true&hot=false&lazy=true&transform.engine=hermes&transform.routerRoot=app&unstable_transformProfile=hermes-stable:140147
[    1137ms] [WARNING] [expo-av]: Expo AV has been deprecated and will be removed in SDK 54. Use the `expo-audio` and `expo-video` packages to replace the required functionality. @ http://localhost:8083/index.bundle?platform=web&dev=true&hot=false&lazy=true&transform.engine=hermes&transform.routerRoot=app&unstable_transformProfile=hermes-stable:151880
[    1165ms] [WARNING] "shadow*" style props are deprecated. Use "boxShadow". @ http://localhost:8083/index.bundle?platform=web&dev=true&hot=false&lazy=true&transform.engine=hermes&transform.routerRoot=app&unstable_transformProfile=hermes-stable:19691
[    1172ms] [WARNING] Require cycle: src/components/CreateRouteSheet.tsx -> src/components/RouteDetailSheet/index.tsx -> src/components/RouteDetailSheet/RouteActions.tsx -> src/components/CreateRouteSheet.tsx

Require cycles are allowed, but can result in uninitialized values. Consider refactoring to remove the need for a cycle. @ http://localhost:8083/index.bundle?platform=web&dev=true&hot=false&lazy=true&transform.engine=hermes&transform.routerRoot=app&unstable_transformProfile=hermes-stable:83
[    1429ms] UnavailabilityError: The method or property Notifications.setNotificationCategoryAsync is not available on web, are you sure you've linked all the native dependencies properly?
    at Object.setNotificationCategoryAsync (http://localhost:8083/index.bundle?platform=web&dev=true&hot=false&lazy=true&transform.engine=hermes&transform.routerRoot=app&unstable_transformProfile=hermes-stable:148116:13)
    at Object.setNotificationCategoryAsync (http://localhost:8083/index.bundle?platform=web&dev=true&hot=false&lazy=true&transform.engine=hermes&transform.routerRoot=app&unstable_transformProfile=hermes-stable:148150:56)
    at setupRecordingNotifications (http://localhost:8083/index.bundle?platform=web&dev=true&hot=false&lazy=true&transform.engine=hermes&transform.routerRoot=app&unstable_transformProfile=hermes-stable:139629:25)
    at __d.0 (http://localhost:8083/index.bundle?platform=web&dev=true&hot=false&lazy=true&transform.engine=hermes&transform.routerRoot=app&unstable_transformProfile=hermes-stable:149872:50)
    at loadModuleImplementation (http://localhost:8083/index.bundle?platform=web&dev=true&hot=false&lazy=true&transform.engine=hermes&transform.routerRoot=app&unstable_transformProfile=hermes-stable:263:7)
    at guardedLoadModule (http://localhost:8083/index.bundle?platform=web&dev=true&hot=false&lazy=true&transform.engine=hermes&transform.routerRoot=app&unstable_transformProfile=hermes-stable:169:14)
    at metroRequire (http://localhost:8083/index.bundle?platform=web&dev=true&hot=false&lazy=true&transform.engine=hermes&transform.routerRoot=app&unstable_transformProfile=hermes-stable:89:75)
    at __d.0 (http://localhost:8083/index.bundle?platform=web&dev=true&hot=false&lazy=true&transform.engine=hermes&transform.routerRoot=app&unstable_transformProfile=hermes-stable:178622:34)
    at loadModuleImplementation (http://localhost:8083/index.bundle?platform=web&dev=true&hot=false&lazy=true&transform.engine=hermes&transform.routerRoot=app&unstable_transformProfile=hermes-stable:263:7)
    at guardedLoadModule (http://localhost:8083/index.bundle?platform=web&dev=true&hot=false&lazy=true&transform.engine=hermes&transform.routerRoot=app&unstable_transformProfile=hermes-stable:169:14)
[    1612ms] [WARNING] ⚠️ [TranslationContext] NO beta.checklist translations found! @ http://localhost:8083/index.bundle?platform=web&dev=true&hot=false&lazy=true&transform.engine=hermes&transform.routerRoot=app&unstable_transformProfile=hermes-stable:23107
[    1795ms] [WARNING] props.pointerEvents is deprecated. Use style.pointerEvents @ http://localhost:8083/index.bundle?platform=web&dev=true&hot=false&lazy=true&transform.engine=hermes&transform.routerRoot=app&unstable_transformProfile=hermes-stable:23107
[    1820ms] [WARNING] Image: style.resizeMode is deprecated. Please use props.resizeMode. @ http://localhost:8083/index.bundle?platform=web&dev=true&hot=false&lazy=true&transform.engine=hermes&transform.routerRoot=app&unstable_transformProfile=hermes-stable:23107
[    1832ms] [WARNING] No font size found sm {font: undefined} in size tokens [$1, $2, $3, $4, $5, $6, $7, $8, $9, $10] @ http://localhost:8083/index.bundle?platform=web&dev=true&hot=false&lazy=true&transform.engine=hermes&transform.routerRoot=app&unstable_transformProfile=hermes-stable:23100
[    1866ms] [WARNING] Animated: `useNativeDriver` is not supported because the native animated module is missing. Falling back to JS-based animation. To resolve this, add `RCTAnimation` module to this app, or remove `useNativeDriver`. Make sure to run `bundle exec pod install` first. Read more about autolinking: https://github.com/react-native-community/cli/blob/master/docs/autolinking.md @ http://localhost:8083/index.bundle?platform=web&dev=true&hot=false&lazy=true&transform.engine=hermes&transform.routerRoot=app&unstable_transformProfile=hermes-stable:23107
[    1954ms] [WARNING] The Geocoding API has been removed in SDK 49, use Place Autocomplete service instead(https://developers.google.com/maps/documentation/places/web-service/autocomplete) @ http://localhost:8083/index.bundle?platform=web&dev=true&hot=false&lazy=true&transform.engine=hermes&transform.routerRoot=app&unstable_transformProfile=hermes-stable:23107
[    2096ms] [ERROR] Failed to load resource: the server responded with a status of 400 () @ https://wbimxxrbzgynigwolcnk.supabase.co/rest/v1/user_unlocked_content?select=content_id%2Ccontent_type%2Cunlock_method&user_id=eq.e9dae6f0-4f0a-40b5-947c-7a29db18fc0f:0
[    2118ms] [ERROR] Failed to load resource: the server responded with a status of 406 () @ https://wbimxxrbzgynigwolcnk.supabase.co/rest/v1/daily_status?select=*&user_id=eq.e9dae6f0-4f0a-40b5-947c-7a29db18fc0f&date=eq.2026-02-18:0
[    2126ms] [ERROR] Invalid DOM property `%s`. Did you mean `%s`? transform-origin transformOrigin @ http://localhost:8083/index.bundle?platform=web&dev=true&hot=false&lazy=true&transform.engine=hermes&transform.routerRoot=app&unstable_transformProfile=hermes-stable:3062
[    2143ms] [ERROR] Failed to load resource: the server responded with a status of 400 () @ https://wbimxxrbzgynigwolcnk.supabase.co/rest/v1/user_unlocked_content?select=content_id%2Ccontent_type%2Cunlock_method&user_id=eq.e9dae6f0-4f0a-40b5-947c-7a29db18fc0f:0
[    2150ms] [WARNING] No font size found sm {font: undefined} in size tokens [$1, $2, $3, $4, $5, $6, $7, $8, $9, $10] @ http://localhost:8083/index.bundle?platform=web&dev=true&hot=false&lazy=true&transform.engine=hermes&transform.routerRoot=app&unstable_transformProfile=hermes-stable:23100
[    2157ms] [ERROR] Unexpected text node: . A text node cannot be a child of a <View>. {display: flex, alignItems: stretch, flexBasis: auto, boxSizing: border-box, position: relative} @ http://localhost:8083/index.bundle?platform=web&dev=true&hot=false&lazy=true&transform.engine=hermes&transform.routerRoot=app&unstable_transformProfile=hermes-stable:28599
[    2160ms] [ERROR] Unexpected text node: . A text node cannot be a child of a <View>. {display: flex, alignItems: stretch, flexBasis: auto, boxSizing: border-box, position: relative} @ http://localhost:8083/index.bundle?platform=web&dev=true&hot=false&lazy=true&transform.engine=hermes&transform.routerRoot=app&unstable_transformProfile=hermes-stable:28599
[    2162ms] [ERROR] Unexpected text node: . A text node cannot be a child of a <View>. {display: flex, alignItems: stretch, flexBasis: auto, boxSizing: border-box, position: relative} @ http://localhost:8083/index.bundle?platform=web&dev=true&hot=false&lazy=true&transform.engine=hermes&transform.routerRoot=app&unstable_transformProfile=hermes-stable:28599
[    2164ms] [ERROR] Unexpected text node: . A text node cannot be a child of a <View>. {display: flex, alignItems: stretch, flexBasis: auto, boxSizing: border-box, position: relative} @ http://localhost:8083/index.bundle?platform=web&dev=true&hot=false&lazy=true&transform.engine=hermes&transform.routerRoot=app&unstable_transformProfile=hermes-stable:28599
[    2166ms] [ERROR] Unexpected text node: . A text node cannot be a child of a <View>. {display: flex, alignItems: stretch, flexBasis: auto, boxSizing: border-box, position: relative} @ http://localhost:8083/index.bundle?platform=web&dev=true&hot=false&lazy=true&transform.engine=hermes&transform.routerRoot=app&unstable_transformProfile=hermes-stable:28599
[    2168ms] [ERROR] Unexpected text node: . A text node cannot be a child of a <View>. {display: flex, alignItems: stretch, flexBasis: auto, boxSizing: border-box, position: relative} @ http://localhost:8083/index.bundle?platform=web&dev=true&hot=false&lazy=true&transform.engine=hermes&transform.routerRoot=app&unstable_transformProfile=hermes-stable:28599
[    2171ms] [ERROR] Unexpected text node: . A text node cannot be a child of a <View>. {display: flex, alignItems: stretch, flexBasis: auto, boxSizing: border-box, position: relative} @ http://localhost:8083/index.bundle?platform=web&dev=true&hot=false&lazy=true&transform.engine=hermes&transform.routerRoot=app&unstable_transformProfile=hermes-stable:28599
[    2173ms] [ERROR] Unexpected text node: . A text node cannot be a child of a <View>. {display: flex, alignItems: stretch, flexBasis: auto, boxSizing: border-box, position: relative} @ http://localhost:8083/index.bundle?platform=web&dev=true&hot=false&lazy=true&transform.engine=hermes&transform.routerRoot=app&unstable_transformProfile=hermes-stable:28599
[    2211ms] [ERROR] Failed to load resource: the server responded with a status of 406 () @ https://wbimxxrbzgynigwolcnk.supabase.co/rest/v1/daily_status?select=*&user_id=eq.e9dae6f0-4f0a-40b5-947c-7a29db18fc0f&date=eq.2026-02-18:0
[    2224ms] [WARNING] No font size found sm {font: undefined} in size tokens [$1, $2, $3, $4, $5, $6, $7, $8, $9, $10] @ http://localhost:8083/index.bundle?platform=web&dev=true&hot=false&lazy=true&transform.engine=hermes&transform.routerRoot=app&unstable_transformProfile=hermes-stable:23100
[    2224ms] [WARNING] [SUPPRESSED] Further font size warnings will be suppressed. This is a known issue with Tamagui token configuration. @ http://localhost:8083/index.bundle?platform=web&dev=true&hot=false&lazy=true&transform.engine=hermes&transform.routerRoot=app&unstable_transformProfile=hermes-stable:23102
[    2241ms] [ERROR] Failed to load resource: the server responded with a status of 400 () @ https://wbimxxrbzgynigwolcnk.supabase.co/rest/v1/user_unlocked_content?select=content_id%2Ccontent_type%2Cunlock_method&user_id=eq.e9dae6f0-4f0a-40b5-947c-7a29db18fc0f:0
[    2266ms] [WARNING] ⚠️ [TranslationContext] NO beta.checklist translations found! @ http://localhost:8083/index.bundle?platform=web&dev=true&hot=false&lazy=true&transform.engine=hermes&transform.routerRoot=app&unstable_transformProfile=hermes-stable:23107
[    2268ms] [ERROR] Failed to load resource: the server responded with a status of 400 () @ https://wbimxxrbzgynigwolcnk.supabase.co/rest/v1/user_unlocked_content?select=content_id%2Ccontent_type%2Cunlock_method&user_id=eq.e9dae6f0-4f0a-40b5-947c-7a29db18fc0f:0
[    2290ms] [ERROR] Unexpected text node: . A text node cannot be a child of a <View>. {display: flex, alignItems: stretch, flexBasis: auto, boxSizing: border-box, position: relative} @ http://localhost:8083/index.bundle?platform=web&dev=true&hot=false&lazy=true&transform.engine=hermes&transform.routerRoot=app&unstable_transformProfile=hermes-stable:28599
[    2291ms] [ERROR] Unexpected text node: . A text node cannot be a child of a <View>. {display: flex, alignItems: stretch, flexBasis: auto, boxSizing: border-box, position: relative} @ http://localhost:8083/index.bundle?platform=web&dev=true&hot=false&lazy=true&transform.engine=hermes&transform.routerRoot=app&unstable_transformProfile=hermes-stable:28599
[    2292ms] [ERROR] Unexpected text node: . A text node cannot be a child of a <View>. {display: flex, alignItems: stretch, flexBasis: auto, boxSizing: border-box, position: relative} @ http://localhost:8083/index.bundle?platform=web&dev=true&hot=false&lazy=true&transform.engine=hermes&transform.routerRoot=app&unstable_transformProfile=hermes-stable:28599
[    2293ms] [ERROR] Unexpected text node: . A text node cannot be a child of a <View>. {display: flex, alignItems: stretch, flexBasis: auto, boxSizing: border-box, position: relative} @ http://localhost:8083/index.bundle?platform=web&dev=true&hot=false&lazy=true&transform.engine=hermes&transform.routerRoot=app&unstable_transformProfile=hermes-stable:28599
[    2295ms] [ERROR] Unexpected text node: . A text node cannot be a child of a <View>. {display: flex, alignItems: stretch, flexBasis: auto, boxSizing: border-box, position: relative} @ http://localhost:8083/index.bundle?platform=web&dev=true&hot=false&lazy=true&transform.engine=hermes&transform.routerRoot=app&unstable_transformProfile=hermes-stable:28599
[    2297ms] [ERROR] Unexpected text node: . A text node cannot be a child of a <View>. {display: flex, alignItems: stretch, flexBasis: auto, boxSizing: border-box, position: relative} @ http://localhost:8083/index.bundle?platform=web&dev=true&hot=false&lazy=true&transform.engine=hermes&transform.routerRoot=app&unstable_transformProfile=hermes-stable:28599
[    2299ms] [ERROR] Unexpected text node: . A text node cannot be a child of a <View>. {display: flex, alignItems: stretch, flexBasis: auto, boxSizing: border-box, position: relative} @ http://localhost:8083/index.bundle?platform=web&dev=true&hot=false&lazy=true&transform.engine=hermes&transform.routerRoot=app&unstable_transformProfile=hermes-stable:28599
[    2300ms] [ERROR] Unexpected text node: . A text node cannot be a child of a <View>. {display: flex, alignItems: stretch, flexBasis: auto, boxSizing: border-box, position: relative} @ http://localhost:8083/index.bundle?platform=web&dev=true&hot=false&lazy=true&transform.engine=hermes&transform.routerRoot=app&unstable_transformProfile=hermes-stable:28599
[    2320ms] [ERROR] Unexpected text node: . A text node cannot be a child of a <View>. {display: flex, alignItems: stretch, flexBasis: auto, boxSizing: border-box, position: relative} @ http://localhost:8083/index.bundle?platform=web&dev=true&hot=false&lazy=true&transform.engine=hermes&transform.routerRoot=app&unstable_transformProfile=hermes-stable:28599
[    2321ms] [ERROR] Unexpected text node: . A text node cannot be a child of a <View>. {display: flex, alignItems: stretch, flexBasis: auto, boxSizing: border-box, position: relative} @ http://localhost:8083/index.bundle?platform=web&dev=true&hot=false&lazy=true&transform.engine=hermes&transform.routerRoot=app&unstable_transformProfile=hermes-stable:28599
[    2321ms] [ERROR] Unexpected text node: . A text node cannot be a child of a <View>. {display: flex, alignItems: stretch, flexBasis: auto, boxSizing: border-box, position: relative} @ http://localhost:8083/index.bundle?platform=web&dev=true&hot=false&lazy=true&transform.engine=hermes&transform.routerRoot=app&unstable_transformProfile=hermes-stable:28599
[    2322ms] [ERROR] Unexpected text node: . A text node cannot be a child of a <View>. {display: flex, alignItems: stretch, flexBasis: auto, boxSizing: border-box, position: relative} @ http://localhost:8083/index.bundle?platform=web&dev=true&hot=false&lazy=true&transform.engine=hermes&transform.routerRoot=app&unstable_transformProfile=hermes-stable:28599
[    2323ms] [ERROR] Unexpected text node: . A text node cannot be a child of a <View>. {display: flex, alignItems: stretch, flexBasis: auto, boxSizing: border-box, position: relative} @ http://localhost:8083/index.bundle?platform=web&dev=true&hot=false&lazy=true&transform.engine=hermes&transform.routerRoot=app&unstable_transformProfile=hermes-stable:28599
[    2323ms] [ERROR] Unexpected text node: . A text node cannot be a child of a <View>. {display: flex, alignItems: stretch, flexBasis: auto, boxSizing: border-box, position: relative} @ http://localhost:8083/index.bundle?platform=web&dev=true&hot=false&lazy=true&transform.engine=hermes&transform.routerRoot=app&unstable_transformProfile=hermes-stable:28599
[    2324ms] [ERROR] Unexpected text node: . A text node cannot be a child of a <View>. {display: flex, alignItems: stretch, flexBasis: auto, boxSizing: border-box, position: relative} @ http://localhost:8083/index.bundle?platform=web&dev=true&hot=false&lazy=true&transform.engine=hermes&transform.routerRoot=app&unstable_transformProfile=hermes-stable:28599
[    2325ms] [ERROR] Unexpected text node: . A text node cannot be a child of a <View>. {display: flex, alignItems: stretch, flexBasis: auto, boxSizing: border-box, position: relative} @ http://localhost:8083/index.bundle?platform=web&dev=true&hot=false&lazy=true&transform.engine=hermes&transform.routerRoot=app&unstable_transformProfile=hermes-stable:28599
[    2333ms] [ERROR] Failed to load resource: the server responded with a status of 400 () @ https://wbimxxrbzgynigwolcnk.supabase.co/rest/v1/user_unlocked_content?select=content_id%2Ccontent_type%2Cunlock_method&user_id=eq.e9dae6f0-4f0a-40b5-947c-7a29db18fc0f:0
[    2348ms] [WARNING] ⚠️ [TranslationContext] NO beta.checklist translations found! @ http://localhost:8083/index.bundle?platform=web&dev=true&hot=false&lazy=true&transform.engine=hermes&transform.routerRoot=app&unstable_transformProfile=hermes-stable:23107
[    2364ms] [ERROR] Unexpected text node: . A text node cannot be a child of a <View>. {display: flex, alignItems: stretch, flexBasis: auto, boxSizing: border-box, position: relative} @ http://localhost:8083/index.bundle?platform=web&dev=true&hot=false&lazy=true&transform.engine=hermes&transform.routerRoot=app&unstable_transformProfile=hermes-stable:28599
[    2365ms] [ERROR] Unexpected text node: . A text node cannot be a child of a <View>. {display: flex, alignItems: stretch, flexBasis: auto, boxSizing: border-box, position: relative} @ http://localhost:8083/index.bundle?platform=web&dev=true&hot=false&lazy=true&transform.engine=hermes&transform.routerRoot=app&unstable_transformProfile=hermes-stable:28599
[    2366ms] [ERROR] Unexpected text node: . A text node cannot be a child of a <View>. {display: flex, alignItems: stretch, flexBasis: auto, boxSizing: border-box, position: relative} @ http://localhost:8083/index.bundle?platform=web&dev=true&hot=false&lazy=true&transform.engine=hermes&transform.routerRoot=app&unstable_transformProfile=hermes-stable:28599
[    2367ms] [ERROR] Unexpected text node: . A text node cannot be a child of a <View>. {display: flex, alignItems: stretch, flexBasis: auto, boxSizing: border-box, position: relative} @ http://localhost:8083/index.bundle?platform=web&dev=true&hot=false&lazy=true&transform.engine=hermes&transform.routerRoot=app&unstable_transformProfile=hermes-stable:28599
[    2368ms] [ERROR] Unexpected text node: . A text node cannot be a child of a <View>. {display: flex, alignItems: stretch, flexBasis: auto, boxSizing: border-box, position: relative} @ http://localhost:8083/index.bundle?platform=web&dev=true&hot=false&lazy=true&transform.engine=hermes&transform.routerRoot=app&unstable_transformProfile=hermes-stable:28599
[    2369ms] [ERROR] Unexpected text node: . A text node cannot be a child of a <View>. {display: flex, alignItems: stretch, flexBasis: auto, boxSizing: border-box, position: relative} @ http://localhost:8083/index.bundle?platform=web&dev=true&hot=false&lazy=true&transform.engine=hermes&transform.routerRoot=app&unstable_transformProfile=hermes-stable:28599
[    2371ms] [ERROR] Unexpected text node: . A text node cannot be a child of a <View>. {display: flex, alignItems: stretch, flexBasis: auto, boxSizing: border-box, position: relative} @ http://localhost:8083/index.bundle?platform=web&dev=true&hot=false&lazy=true&transform.engine=hermes&transform.routerRoot=app&unstable_transformProfile=hermes-stable:28599
[    2371ms] [ERROR] Unexpected text node: . A text node cannot be a child of a <View>. {display: flex, alignItems: stretch, flexBasis: auto, boxSizing: border-box, position: relative} @ http://localhost:8083/index.bundle?platform=web&dev=true&hot=false&lazy=true&transform.engine=hermes&transform.routerRoot=app&unstable_transformProfile=hermes-stable:28599
[    2428ms] [ERROR] Failed to load resource: the server responded with a status of 400 () @ https://wbimxxrbzgynigwolcnk.supabase.co/rest/v1/user_unlocked_content?select=content_id%2Ccontent_type%2Cunlock_method&user_id=eq.e9dae6f0-4f0a-40b5-947c-7a29db18fc0f:0
[    2473ms] [ERROR] Failed to load resource: the server responded with a status of 400 () @ https://wbimxxrbzgynigwolcnk.supabase.co/rest/v1/user_unlocked_content?select=content_id%2Ccontent_type%2Cunlock_method&user_id=eq.e9dae6f0-4f0a-40b5-947c-7a29db18fc0f:0
[   17281ms] [ERROR] Unexpected text node: . A text node cannot be a child of a <View>. {display: flex, alignItems: stretch, flexBasis: auto, boxSizing: border-box, position: relative} @ http://localhost:8083/index.bundle?platform=web&dev=true&hot=false&lazy=true&transform.engine=hermes&transform.routerRoot=app&unstable_transformProfile=hermes-stable:28599
[   17282ms] [ERROR] Unexpected text node: . A text node cannot be a child of a <View>. {display: flex, alignItems: stretch, flexBasis: auto, boxSizing: border-box, position: relative} @ http://localhost:8083/index.bundle?platform=web&dev=true&hot=false&lazy=true&transform.engine=hermes&transform.routerRoot=app&unstable_transformProfile=hermes-stable:28599
[   17283ms] [ERROR] Unexpected text node: . A text node cannot be a child of a <View>. {display: flex, alignItems: stretch, flexBasis: auto, boxSizing: border-box, position: relative} @ http://localhost:8083/index.bundle?platform=web&dev=true&hot=false&lazy=true&transform.engine=hermes&transform.routerRoot=app&unstable_transformProfile=hermes-stable:28599
[   17284ms] [ERROR] Unexpected text node: . A text node cannot be a child of a <View>. {display: flex, alignItems: stretch, flexBasis: auto, boxSizing: border-box, position: relative} @ http://localhost:8083/index.bundle?platform=web&dev=true&hot=false&lazy=true&transform.engine=hermes&transform.routerRoot=app&unstable_transformProfile=hermes-stable:28599
[   17285ms] [ERROR] Unexpected text node: . A text node cannot be a child of a <View>. {display: flex, alignItems: stretch, flexBasis: auto, boxSizing: border-box, position: relative} @ http://localhost:8083/index.bundle?platform=web&dev=true&hot=false&lazy=true&transform.engine=hermes&transform.routerRoot=app&unstable_transformProfile=hermes-stable:28599
[   17286ms] [ERROR] Unexpected text node: . A text node cannot be a child of a <View>. {display: flex, alignItems: stretch, flexBasis: auto, boxSizing: border-box, position: relative} @ http://localhost:8083/index.bundle?platform=web&dev=true&hot=false&lazy=true&transform.engine=hermes&transform.routerRoot=app&unstable_transformProfile=hermes-stable:28599
[   17288ms] [ERROR] Unexpected text node: . A text node cannot be a child of a <View>. {display: flex, alignItems: stretch, flexBasis: auto, boxSizing: border-box, position: relative} @ http://localhost:8083/index.bundle?platform=web&dev=true&hot=false&lazy=true&transform.engine=hermes&transform.routerRoot=app&unstable_transformProfile=hermes-stable:28599
[   17289ms] [ERROR] Unexpected text node: . A text node cannot be a child of a <View>. {display: flex, alignItems: stretch, flexBasis: auto, boxSizing: border-box, position: relative} @ http://localhost:8083/index.bundle?platform=web&dev=true&hot=false&lazy=true&transform.engine=hermes&transform.routerRoot=app&unstable_transformProfile=hermes-stable:28599
[   17296ms] [ERROR] Unexpected text node: . A text node cannot be a child of a <View>. {display: flex, alignItems: stretch, flexBasis: auto, boxSizing: border-box, position: relative} @ http://localhost:8083/index.bundle?platform=web&dev=true&hot=false&lazy=true&transform.engine=hermes&transform.routerRoot=app&unstable_transformProfile=hermes-stable:28599
[   17319ms] [ERROR] Not allowed to load local resource: file:///var/mobile/Containers/Data/Application/CF5CDDBD-B339-492F-A8E3-BF1C61ED89E9/Library/Caches/ImagePicker/B12414C9-12F7-4B00-8E10-27D72D5B8C64.gif @ http://localhost:8083/:0
[   17319ms] [ERROR] Not allowed to load local resource: file:///var/mobile/Containers/Data/Application/CF5CDDBD-B339-492F-A8E3-BF1C61ED89E9/Library/Caches/ImagePicker/5C5FF847-3F44-47E1-B0C7-E0367386FFC5.jpg @ http://localhost:8083/:0
[ 1861696ms] [ERROR] Unexpected text node: . A text node cannot be a child of a <View>. {display: flex, alignItems: stretch, flexBasis: auto, boxSizing: border-box, position: relative} @ http://localhost:8083/index.bundle?platform=web&dev=true&hot=false&lazy=true&transform.engine=hermes&transform.routerRoot=app&unstable_transformProfile=hermes-stable:28599
[ 1861697ms] [ERROR] Unexpected text node: . A text node cannot be a child of a <View>. {display: flex, alignItems: stretch, flexBasis: auto, boxSizing: border-box, position: relative} @ http://localhost:8083/index.bundle?platform=web&dev=true&hot=false&lazy=true&transform.engine=hermes&transform.routerRoot=app&unstable_transformProfile=hermes-stable:28599
[ 1861699ms] [ERROR] Unexpected text node: . A text node cannot be a child of a <View>. {display: flex, alignItems: stretch, flexBasis: auto, boxSizing: border-box, position: relative} @ http://localhost:8083/index.bundle?platform=web&dev=true&hot=false&lazy=true&transform.engine=hermes&transform.routerRoot=app&unstable_transformProfile=hermes-stable:28599
[ 1861701ms] [ERROR] Unexpected text node: . A text node cannot be a child of a <View>. {display: flex, alignItems: stretch, flexBasis: auto, boxSizing: border-box, position: relative} @ http://localhost:8083/index.bundle?platform=web&dev=true&hot=false&lazy=true&transform.engine=hermes&transform.routerRoot=app&unstable_transformProfile=hermes-stable:28599
[ 1861702ms] [ERROR] Unexpected text node: . A text node cannot be a child of a <View>. {display: flex, alignItems: stretch, flexBasis: auto, boxSizing: border-box, position: relative} @ http://localhost:8083/index.bundle?platform=web&dev=true&hot=false&lazy=true&transform.engine=hermes&transform.routerRoot=app&unstable_transformProfile=hermes-stable:28599
[ 1861703ms] [ERROR] Unexpected text node: . A text node cannot be a child of a <View>. {display: flex, alignItems: stretch, flexBasis: auto, boxSizing: border-box, position: relative} @ http://localhost:8083/index.bundle?platform=web&dev=true&hot=false&lazy=true&transform.engine=hermes&transform.routerRoot=app&unstable_transformProfile=hermes-stable:28599
[ 1861705ms] [ERROR] Unexpected text node: . A text node cannot be a child of a <View>. {display: flex, alignItems: stretch, flexBasis: auto, boxSizing: border-box, position: relative} @ http://localhost:8083/index.bundle?platform=web&dev=true&hot=false&lazy=true&transform.engine=hermes&transform.routerRoot=app&unstable_transformProfile=hermes-stable:28599
[ 1861707ms] [ERROR] Unexpected text node: . A text node cannot be a child of a <View>. {display: flex, alignItems: stretch, flexBasis: auto, boxSizing: border-box, position: relative} @ http://localhost:8083/index.bundle?platform=web&dev=true&hot=false&lazy=true&transform.engine=hermes&transform.routerRoot=app&unstable_transformProfile=hermes-stable:28599
[ 1861712ms] [ERROR] Unexpected text node: . A text node cannot be a child of a <View>. {display: flex, alignItems: stretch, flexBasis: auto, boxSizing: border-box, position: relative} @ http://localhost:8083/index.bundle?platform=web&dev=true&hot=false&lazy=true&transform.engine=hermes&transform.routerRoot=app&unstable_transformProfile=hermes-stable:28599
[ 1861738ms] [ERROR] Unexpected text node: . A text node cannot be a child of a <View>. {display: flex, alignItems: stretch, flexBasis: auto, boxSizing: border-box, position: relative} @ http://localhost:8083/index.bundle?platform=web&dev=true&hot=false&lazy=true&transform.engine=hermes&transform.routerRoot=app&unstable_transformProfile=hermes-stable:28599
[ 3547062ms] [ERROR] Failed to load resource: net::ERR_CONNECTION_REFUSED @ http://localhost:8083/:0
[ 3552066ms] [ERROR] Failed to load resource: net::ERR_CONNECTION_REFUSED @ http://localhost:8083/:0
[ 3557067ms] [ERROR] Failed to load resource: net::ERR_CONNECTION_REFUSED @ http://localhost:8083/:0
[ 3562069ms] [ERROR] Failed to load resource: net::ERR_CONNECTION_REFUSED @ http://localhost:8083/:0
[ 3567071ms] [ERROR] Failed to load resource: net::ERR_CONNECTION_REFUSED @ http://localhost:8083/:0
[ 3572074ms] [ERROR] Failed to load resource: net::ERR_CONNECTION_REFUSED @ http://localhost:8083/:0
[ 3577077ms] [ERROR] Failed to load resource: net::ERR_CONNECTION_REFUSED @ http://localhost:8083/:0
[ 3582080ms] [ERROR] Failed to load resource: net::ERR_CONNECTION_REFUSED @ http://localhost:8083/:0
[ 3587082ms] [ERROR] Failed to load resource: net::ERR_CONNECTION_REFUSED @ http://localhost:8083/:0
[ 3592084ms] [ERROR] Failed to load resource: net::ERR_CONNECTION_REFUSED @ http://localhost:8083/:0
[ 3597087ms] [ERROR] Failed to load resource: net::ERR_CONNECTION_REFUSED @ http://localhost:8083/:0
[ 3602090ms] [ERROR] Failed to load resource: net::ERR_CONNECTION_REFUSED @ http://localhost:8083/:0
[ 3607098ms] [ERROR] Failed to load resource: net::ERR_CONNECTION_REFUSED @ http://localhost:8083/:0
[ 3612101ms] [ERROR] Failed to load resource: net::ERR_CONNECTION_REFUSED @ http://localhost:8083/:0
[ 3617104ms] [ERROR] Failed to load resource: net::ERR_CONNECTION_REFUSED @ http://localhost:8083/:0
[ 3622109ms] [ERROR] Failed to load resource: net::ERR_CONNECTION_REFUSED @ http://localhost:8083/:0
[ 3627112ms] [ERROR] Failed to load resource: net::ERR_CONNECTION_REFUSED @ http://localhost:8083/:0
[ 3632115ms] [ERROR] Failed to load resource: net::ERR_CONNECTION_REFUSED @ http://localhost:8083/:0
[ 3637118ms] [ERROR] Failed to load resource: net::ERR_CONNECTION_REFUSED @ http://localhost:8083/:0
[ 3642120ms] [ERROR] Failed to load resource: net::ERR_CONNECTION_REFUSED @ http://localhost:8083/:0
[ 3647122ms] [ERROR] Failed to load resource: net::ERR_CONNECTION_REFUSED @ http://localhost:8083/:0
[ 3652125ms] [ERROR] Failed to load resource: net::ERR_CONNECTION_REFUSED @ http://localhost:8083/:0
[ 3657128ms] [ERROR] Failed to load resource: net::ERR_CONNECTION_REFUSED @ http://localhost:8083/:0
[ 3662132ms] [ERROR] Failed to load resource: net::ERR_CONNECTION_REFUSED @ http://localhost:8083/:0
[ 3667134ms] [ERROR] Failed to load resource: net::ERR_CONNECTION_REFUSED @ http://localhost:8083/:0
[ 3672137ms] [ERROR] Failed to load resource: net::ERR_CONNECTION_REFUSED @ http://localhost:8083/:0
[ 3677141ms] [ERROR] Failed to load resource: net::ERR_CONNECTION_REFUSED @ http://localhost:8083/:0
[ 3682147ms] [ERROR] Failed to load resource: net::ERR_CONNECTION_REFUSED @ http://localhost:8083/:0
[ 3687156ms] [ERROR] Failed to load resource: net::ERR_CONNECTION_REFUSED @ http://localhost:8083/:0
[ 3692159ms] [ERROR] Failed to load resource: net::ERR_CONNECTION_REFUSED @ http://localhost:8083/:0
[ 3697163ms] [ERROR] Failed to load resource: net::ERR_CONNECTION_REFUSED @ http://localhost:8083/:0
[ 3702170ms] [ERROR] Failed to load resource: net::ERR_CONNECTION_REFUSED @ http://localhost:8083/:0
[ 3708657ms] [ERROR] Failed to load resource: net::ERR_CONNECTION_REFUSED @ http://localhost:8083/:0
[ 3713660ms] [ERROR] Failed to load resource: net::ERR_CONNECTION_REFUSED @ http://localhost:8083/:0
