[      55ms] [WARNING]  [Memory: 71.4MB] App went to background - potential memory pressure point @ http://localhost:8081/index.bundle?platform=web&dev=true&hot=false&lazy=true&transform.engine=hermes&transform.routerRoot=app&unstable_transformProfile=hermes-stable:23128
[    1290ms] [WARNING] [expo-notifications] Listening to push token changes is not yet fully supported on web. Adding a listener will have no effect. @ http://localhost:8083/index.bundle?platform=web&dev=true&hot=false&lazy=true&transform.engine=hermes&transform.routerRoot=app&unstable_transformProfile=hermes-stable:140176
[    1350ms] [WARNING] [expo-av]: Expo AV has been deprecated and will be removed in SDK 54. Use the `expo-audio` and `expo-video` packages to replace the required functionality. @ http://localhost:8083/index.bundle?platform=web&dev=true&hot=false&lazy=true&transform.engine=hermes&transform.routerRoot=app&unstable_transformProfile=hermes-stable:151909
[    1435ms] [WARNING] "shadow*" style props are deprecated. Use "boxShadow". @ http://localhost:8083/index.bundle?platform=web&dev=true&hot=false&lazy=true&transform.engine=hermes&transform.routerRoot=app&unstable_transformProfile=hermes-stable:19691
[    1439ms] [WARNING] Require cycle: src/components/CreateRouteSheet.tsx -> src/components/RouteDetailSheet/index.tsx -> src/components/RouteDetailSheet/RouteActions.tsx -> src/components/CreateRouteSheet.tsx

Require cycles are allowed, but can result in uninitialized values. Consider refactoring to remove the need for a cycle. @ http://localhost:8083/index.bundle?platform=web&dev=true&hot=false&lazy=true&transform.engine=hermes&transform.routerRoot=app&unstable_transformProfile=hermes-stable:83
[    1550ms] UnavailabilityError: The method or property Notifications.setNotificationCategoryAsync is not available on web, are you sure you've linked all the native dependencies properly?
    at Object.setNotificationCategoryAsync (http://localhost:8083/index.bundle?platform=web&dev=true&hot=false&lazy=true&transform.engine=hermes&transform.routerRoot=app&unstable_transformProfile=hermes-stable:148145:13)
    at Object.setNotificationCategoryAsync (http://localhost:8083/index.bundle?platform=web&dev=true&hot=false&lazy=true&transform.engine=hermes&transform.routerRoot=app&unstable_transformProfile=hermes-stable:148179:56)
    at setupRecordingNotifications (http://localhost:8083/index.bundle?platform=web&dev=true&hot=false&lazy=true&transform.engine=hermes&transform.routerRoot=app&unstable_transformProfile=hermes-stable:139658:25)
    at __d.0 (http://localhost:8083/index.bundle?platform=web&dev=true&hot=false&lazy=true&transform.engine=hermes&transform.routerRoot=app&unstable_transformProfile=hermes-stable:149901:50)
    at loadModuleImplementation (http://localhost:8083/index.bundle?platform=web&dev=true&hot=false&lazy=true&transform.engine=hermes&transform.routerRoot=app&unstable_transformProfile=hermes-stable:263:7)
    at guardedLoadModule (http://localhost:8083/index.bundle?platform=web&dev=true&hot=false&lazy=true&transform.engine=hermes&transform.routerRoot=app&unstable_transformProfile=hermes-stable:169:14)
    at metroRequire (http://localhost:8083/index.bundle?platform=web&dev=true&hot=false&lazy=true&transform.engine=hermes&transform.routerRoot=app&unstable_transformProfile=hermes-stable:89:75)
    at __d.0 (http://localhost:8083/index.bundle?platform=web&dev=true&hot=false&lazy=true&transform.engine=hermes&transform.routerRoot=app&unstable_transformProfile=hermes-stable:178651:34)
    at loadModuleImplementation (http://localhost:8083/index.bundle?platform=web&dev=true&hot=false&lazy=true&transform.engine=hermes&transform.routerRoot=app&unstable_transformProfile=hermes-stable:263:7)
    at guardedLoadModule (http://localhost:8083/index.bundle?platform=web&dev=true&hot=false&lazy=true&transform.engine=hermes&transform.routerRoot=app&unstable_transformProfile=hermes-stable:169:14)
[    1978ms] [WARNING] ⚠️ [TranslationContext] NO beta.checklist translations found! @ http://localhost:8083/index.bundle?platform=web&dev=true&hot=false&lazy=true&transform.engine=hermes&transform.routerRoot=app&unstable_transformProfile=hermes-stable:23128
[    2350ms] [WARNING] props.pointerEvents is deprecated. Use style.pointerEvents @ http://localhost:8083/index.bundle?platform=web&dev=true&hot=false&lazy=true&transform.engine=hermes&transform.routerRoot=app&unstable_transformProfile=hermes-stable:23128
[    2380ms] [WARNING] Animated: `useNativeDriver` is not supported because the native animated module is missing. Falling back to JS-based animation. To resolve this, add `RCTAnimation` module to this app, or remove `useNativeDriver`. Make sure to run `bundle exec pod install` first. Read more about autolinking: https://github.com/react-native-community/cli/blob/master/docs/autolinking.md @ http://localhost:8083/index.bundle?platform=web&dev=true&hot=false&lazy=true&transform.engine=hermes&transform.routerRoot=app&unstable_transformProfile=hermes-stable:23128
[    2870ms] [ERROR] Failed to load resource: the server responded with a status of 400 () @ https://wbimxxrbzgynigwolcnk.supabase.co/rest/v1/user_unlocked_content?select=content_id%2Ccontent_type%2Cunlock_method&user_id=eq.e9dae6f0-4f0a-40b5-947c-7a29db18fc0f:0
[    2883ms] [ERROR] Invalid DOM property `%s`. Did you mean `%s`? transform-origin transformOrigin @ http://localhost:8083/index.bundle?platform=web&dev=true&hot=false&lazy=true&transform.engine=hermes&transform.routerRoot=app&unstable_transformProfile=hermes-stable:3062
[    2945ms] [WARNING] ⚠️ [TranslationContext] NO beta.checklist translations found! @ http://localhost:8083/index.bundle?platform=web&dev=true&hot=false&lazy=true&transform.engine=hermes&transform.routerRoot=app&unstable_transformProfile=hermes-stable:23128
[  179724ms] [ERROR] Unexpected text node: . A text node cannot be a child of a <View>. @ http://localhost:8083/index.bundle?platform=web&dev=true&hot=false&lazy=true&transform.engine=hermes&transform.routerRoot=app&unstable_transformProfile=hermes-stable:40982
[  179908ms] [ERROR] Unexpected text node: . A text node cannot be a child of a <View>. @ http://localhost:8083/index.bundle?platform=web&dev=true&hot=false&lazy=true&transform.engine=hermes&transform.routerRoot=app&unstable_transformProfile=hermes-stable:40982
[  179910ms] [ERROR] Unexpected text node: . A text node cannot be a child of a <Card>. {display: flex, alignItems: stretch, flexBasis: auto, boxSizing: border-box, position: relative} @ http://localhost:8083/index.bundle?platform=web&dev=true&hot=false&lazy=true&transform.engine=hermes&transform.routerRoot=app&unstable_transformProfile=hermes-stable:28620
[  179967ms] [ERROR] Unexpected text node: . A text node cannot be a child of a <View>. @ http://localhost:8083/index.bundle?platform=web&dev=true&hot=false&lazy=true&transform.engine=hermes&transform.routerRoot=app&unstable_transformProfile=hermes-stable:40982
[  179968ms] [ERROR] Unexpected text node: . A text node cannot be a child of a <Card>. {display: flex, alignItems: stretch, flexBasis: auto, boxSizing: border-box, position: relative} @ http://localhost:8083/index.bundle?platform=web&dev=true&hot=false&lazy=true&transform.engine=hermes&transform.routerRoot=app&unstable_transformProfile=hermes-stable:28620
[  179977ms] [ERROR] Unexpected text node: . A text node cannot be a child of a <Card>. {display: flex, alignItems: stretch, flexBasis: auto, boxSizing: border-box, position: relative} @ http://localhost:8083/index.bundle?platform=web&dev=true&hot=false&lazy=true&transform.engine=hermes&transform.routerRoot=app&unstable_transformProfile=hermes-stable:28620
[  180007ms] [ERROR] Unexpected text node: . A text node cannot be a child of a <View>. @ http://localhost:8083/index.bundle?platform=web&dev=true&hot=false&lazy=true&transform.engine=hermes&transform.routerRoot=app&unstable_transformProfile=hermes-stable:40982
[  180008ms] [ERROR] Unexpected text node: . A text node cannot be a child of a <Card>. {display: flex, alignItems: stretch, flexBasis: auto, boxSizing: border-box, position: relative} @ http://localhost:8083/index.bundle?platform=web&dev=true&hot=false&lazy=true&transform.engine=hermes&transform.routerRoot=app&unstable_transformProfile=hermes-stable:28620
[  180055ms] [ERROR] Unexpected text node: . A text node cannot be a child of a <View>. @ http://localhost:8083/index.bundle?platform=web&dev=true&hot=false&lazy=true&transform.engine=hermes&transform.routerRoot=app&unstable_transformProfile=hermes-stable:40982
[  180055ms] [ERROR] Unexpected text node: . A text node cannot be a child of a <Card>. {display: flex, alignItems: stretch, flexBasis: auto, boxSizing: border-box, position: relative} @ http://localhost:8083/index.bundle?platform=web&dev=true&hot=false&lazy=true&transform.engine=hermes&transform.routerRoot=app&unstable_transformProfile=hermes-stable:28620
[  180100ms] [ERROR] Unexpected text node: . A text node cannot be a child of a <View>. @ http://localhost:8083/index.bundle?platform=web&dev=true&hot=false&lazy=true&transform.engine=hermes&transform.routerRoot=app&unstable_transformProfile=hermes-stable:40982
[  180101ms] [ERROR] Unexpected text node: . A text node cannot be a child of a <Card>. {display: flex, alignItems: stretch, flexBasis: auto, boxSizing: border-box, position: relative} @ http://localhost:8083/index.bundle?platform=web&dev=true&hot=false&lazy=true&transform.engine=hermes&transform.routerRoot=app&unstable_transformProfile=hermes-stable:28620
[  180145ms] [ERROR] Unexpected text node: . A text node cannot be a child of a <View>. @ http://localhost:8083/index.bundle?platform=web&dev=true&hot=false&lazy=true&transform.engine=hermes&transform.routerRoot=app&unstable_transformProfile=hermes-stable:40982
[  180146ms] [ERROR] Unexpected text node: . A text node cannot be a child of a <Card>. {display: flex, alignItems: stretch, flexBasis: auto, boxSizing: border-box, position: relative} @ http://localhost:8083/index.bundle?platform=web&dev=true&hot=false&lazy=true&transform.engine=hermes&transform.routerRoot=app&unstable_transformProfile=hermes-stable:28620
[  180191ms] [ERROR] Unexpected text node: . A text node cannot be a child of a <View>. @ http://localhost:8083/index.bundle?platform=web&dev=true&hot=false&lazy=true&transform.engine=hermes&transform.routerRoot=app&unstable_transformProfile=hermes-stable:40982
[  180192ms] [ERROR] Unexpected text node: . A text node cannot be a child of a <Card>. {display: flex, alignItems: stretch, flexBasis: auto, boxSizing: border-box, position: relative} @ http://localhost:8083/index.bundle?platform=web&dev=true&hot=false&lazy=true&transform.engine=hermes&transform.routerRoot=app&unstable_transformProfile=hermes-stable:28620
[  180250ms] [ERROR] Unexpected text node: . A text node cannot be a child of a <View>. @ http://localhost:8083/index.bundle?platform=web&dev=true&hot=false&lazy=true&transform.engine=hermes&transform.routerRoot=app&unstable_transformProfile=hermes-stable:40982
[  180251ms] [ERROR] Unexpected text node: . A text node cannot be a child of a <Card>. {display: flex, alignItems: stretch, flexBasis: auto, boxSizing: border-box, position: relative} @ http://localhost:8083/index.bundle?platform=web&dev=true&hot=false&lazy=true&transform.engine=hermes&transform.routerRoot=app&unstable_transformProfile=hermes-stable:28620
[  180294ms] [ERROR] Unexpected text node: . A text node cannot be a child of a <View>. @ http://localhost:8083/index.bundle?platform=web&dev=true&hot=false&lazy=true&transform.engine=hermes&transform.routerRoot=app&unstable_transformProfile=hermes-stable:40982
[  180294ms] [ERROR] Unexpected text node: . A text node cannot be a child of a <Card>. {display: flex, alignItems: stretch, flexBasis: auto, boxSizing: border-box, position: relative} @ http://localhost:8083/index.bundle?platform=web&dev=true&hot=false&lazy=true&transform.engine=hermes&transform.routerRoot=app&unstable_transformProfile=hermes-stable:28620
[  180338ms] [ERROR] Unexpected text node: . A text node cannot be a child of a <View>. @ http://localhost:8083/index.bundle?platform=web&dev=true&hot=false&lazy=true&transform.engine=hermes&transform.routerRoot=app&unstable_transformProfile=hermes-stable:40982
[  180339ms] [ERROR] Unexpected text node: . A text node cannot be a child of a <Card>. {display: flex, alignItems: stretch, flexBasis: auto, boxSizing: border-box, position: relative} @ http://localhost:8083/index.bundle?platform=web&dev=true&hot=false&lazy=true&transform.engine=hermes&transform.routerRoot=app&unstable_transformProfile=hermes-stable:28620
[  180401ms] [ERROR] Unexpected text node: . A text node cannot be a child of a <View>. @ http://localhost:8083/index.bundle?platform=web&dev=true&hot=false&lazy=true&transform.engine=hermes&transform.routerRoot=app&unstable_transformProfile=hermes-stable:40982
[  180402ms] [ERROR] Unexpected text node: . A text node cannot be a child of a <Card>. {display: flex, alignItems: stretch, flexBasis: auto, boxSizing: border-box, position: relative} @ http://localhost:8083/index.bundle?platform=web&dev=true&hot=false&lazy=true&transform.engine=hermes&transform.routerRoot=app&unstable_transformProfile=hermes-stable:28620
[  180449ms] [ERROR] Unexpected text node: . A text node cannot be a child of a <View>. @ http://localhost:8083/index.bundle?platform=web&dev=true&hot=false&lazy=true&transform.engine=hermes&transform.routerRoot=app&unstable_transformProfile=hermes-stable:40982
[  180450ms] [ERROR] Unexpected text node: . A text node cannot be a child of a <Card>. {display: flex, alignItems: stretch, flexBasis: auto, boxSizing: border-box, position: relative} @ http://localhost:8083/index.bundle?platform=web&dev=true&hot=false&lazy=true&transform.engine=hermes&transform.routerRoot=app&unstable_transformProfile=hermes-stable:28620
[  190787ms] [ERROR] Unexpected text node: . A text node cannot be a child of a <View>. @ http://localhost:8083/index.bundle?platform=web&dev=true&hot=false&lazy=true&transform.engine=hermes&transform.routerRoot=app&unstable_transformProfile=hermes-stable:40982
[  190787ms] [ERROR] Unexpected text node: . A text node cannot be a child of a <View>. @ http://localhost:8083/index.bundle?platform=web&dev=true&hot=false&lazy=true&transform.engine=hermes&transform.routerRoot=app&unstable_transformProfile=hermes-stable:40982
[  190787ms] [ERROR] Unexpected text node: . A text node cannot be a child of a <View>. @ http://localhost:8083/index.bundle?platform=web&dev=true&hot=false&lazy=true&transform.engine=hermes&transform.routerRoot=app&unstable_transformProfile=hermes-stable:40982
[  206120ms] [ERROR] Unexpected text node: . A text node cannot be a child of a <View>. @ http://localhost:8083/index.bundle?platform=web&dev=true&hot=false&lazy=true&transform.engine=hermes&transform.routerRoot=app&unstable_transformProfile=hermes-stable:40982
[  206122ms] [ERROR] Unexpected text node: . A text node cannot be a child of a <Card>. {display: flex, alignItems: stretch, flexBasis: auto, boxSizing: border-box, position: relative} @ http://localhost:8083/index.bundle?platform=web&dev=true&hot=false&lazy=true&transform.engine=hermes&transform.routerRoot=app&unstable_transformProfile=hermes-stable:28620
[  325582ms] [ERROR] WebSocket connection to 'wss://wbimxxrbzgynigwolcnk.supabase.co/realtime/v1/websocket?apikey=eyJhbGciOiJIUzI1NiIsInR5cCI6IkpXVCJ9.eyJpc3MiOiJzdXBhYmFzZSIsInJlZiI6IndiaW14eHJiemd5bmlnd29sY25rIiwicm9sZSI6ImFub24iLCJpYXQiOjE3MzY0MDg1OTYsImV4cCI6MjA1MTk4NDU5Nn0.0kM04sBRE9x0pGMpubUjfkbXgp-c1aRoRdsCAz2cPV0&vsn=1.0.0' failed:  @ http://localhost:8083/index.bundle?platform=web&dev=true&hot=false&lazy=true&transform.engine=hermes&transform.routerRoot=app&unstable_transformProfile=hermes-stable:125927
[  325786ms] [ERROR] Failed to load resource: net::ERR_CONNECTION_REFUSED @ http://localhost:8083/:0
[  330792ms] [ERROR] Failed to load resource: net::ERR_CONNECTION_REFUSED @ http://localhost:8083/:0
[  331747ms] [ERROR] Failed to load resource: net::ERR_CONNECTION_REFUSED @ http://localhost:8083/:0
[  336753ms] [ERROR] Failed to load resource: net::ERR_CONNECTION_REFUSED @ http://localhost:8083/:0
[  341758ms] [ERROR] Failed to load resource: net::ERR_CONNECTION_REFUSED @ http://localhost:8083/:0
[  346761ms] [ERROR] Failed to load resource: net::ERR_CONNECTION_REFUSED @ http://localhost:8083/:0
