[     173ms] [WARNING]  [Memory: 62.7MB] App went to background - potential memory pressure point @ http://localhost:8081/index.bundle?platform=web&dev=true&hot=false&lazy=true&transform.engine=hermes&transform.routerRoot=app&unstable_transformProfile=hermes-stable:23128
[    2546ms] [WARNING] [expo-notifications] Listening to push token changes is not yet fully supported on web. Adding a listener will have no effect. @ http://localhost:8083/index.bundle?platform=web&dev=true&hot=false&lazy=true&transform.engine=hermes&transform.routerRoot=app&unstable_transformProfile=hermes-stable:140176
[    2621ms] [WARNING] [expo-av]: Expo AV has been deprecated and will be removed in SDK 54. Use the `expo-audio` and `expo-video` packages to replace the required functionality. @ http://localhost:8083/index.bundle?platform=web&dev=true&hot=false&lazy=true&transform.engine=hermes&transform.routerRoot=app&unstable_transformProfile=hermes-stable:151909
[    2708ms] [WARNING] "shadow*" style props are deprecated. Use "boxShadow". @ http://localhost:8083/index.bundle?platform=web&dev=true&hot=false&lazy=true&transform.engine=hermes&transform.routerRoot=app&unstable_transformProfile=hermes-stable:19691
[    2713ms] [WARNING] Require cycle: src/components/CreateRouteSheet.tsx -> src/components/RouteDetailSheet/index.tsx -> src/components/RouteDetailSheet/RouteActions.tsx -> src/components/CreateRouteSheet.tsx

Require cycles are allowed, but can result in uninitialized values. Consider refactoring to remove the need for a cycle. @ http://localhost:8083/index.bundle?platform=web&dev=true&hot=false&lazy=true&transform.engine=hermes&transform.routerRoot=app&unstable_transformProfile=hermes-stable:83
[    3448ms] UnavailabilityError: The method or property Notifications.setNotificationCategoryAsync is not available on web, are you sure you've linked all the native dependencies properly?
    at Object.setNotificationCategoryAsync (http://localhost:8083/index.bundle?platform=web&dev=true&hot=false&lazy=true&transform.engine=hermes&transform.routerRoot=app&unstable_transformProfile=hermes-stable:148145:13)
    at Object.setNotificationCategoryAsync (http://localhost:8083/index.bundle?platform=web&dev=true&hot=false&lazy=true&transform.engine=hermes&transform.routerRoot=app&unstable_transformProfile=hermes-stable:148179:56)
    at setupRecordingNotifications (http://localhost:8083/index.bundle?platform=web&dev=true&hot=false&lazy=true&transform.engine=hermes&transform.routerRoot=app&unstable_transformProfile=hermes-stable:139658:25)
    at __d.0 (http://localhost:8083/index.bundle?platform=web&dev=true&hot=false&lazy=true&transform.engine=hermes&transform.routerRoot=app&unstable_transformProfile=hermes-stable:149901:50)
    at loadModuleImplementation (http://localhost:8083/index.bundle?platform=web&dev=true&hot=false&lazy=true&transform.engine=hermes&transform.routerRoot=app&unstable_transformProfile=hermes-stable:263:7)
    at guardedLoadModule (http://localhost:8083/index.bundle?platform=web&dev=true&hot=false&lazy=true&transform.engine=hermes&transform.routerRoot=app&unstable_transformProfile=hermes-stable:169:14)
    at metroRequire (http://localhost:8083/index.bundle?platform=web&dev=true&hot=false&lazy=true&transform.engine=hermes&transform.routerRoot=app&unstable_transformProfile=hermes-stable:89:75)
    at __d.0 (http://localhost:8083/index.bundle?platform=web&dev=true&hot=false&lazy=true&transform.engine=hermes&transform.routerRoot=app&unstable_transformProfile=hermes-stable:178651:34)
    at loadModuleImplementation (http://localhost:8083/index.bundle?platform=web&dev=true&hot=false&lazy=true&transform.engine=hermes&transform.routerRoot=app&unstable_transformProfile=hermes-stable:263:7)
    at guardedLoadModule (http://localhost:8083/index.bundle?platform=web&dev=true&hot=false&lazy=true&transform.engine=hermes&transform.routerRoot=app&unstable_transformProfile=hermes-stable:169:14)
[    5592ms] [WARNING] ⚠️ [TranslationContext] NO beta.checklist translations found! @ http://localhost:8083/index.bundle?platform=web&dev=true&hot=false&lazy=true&transform.engine=hermes&transform.routerRoot=app&unstable_transformProfile=hermes-stable:23128
[    7269ms] [WARNING] Animated: `useNativeDriver` is not supported because the native animated module is missing. Falling back to JS-based animation. To resolve this, add `RCTAnimation` module to this app, or remove `useNativeDriver`. Make sure to run `bundle exec pod install` first. Read more about autolinking: https://github.com/react-native-community/cli/blob/master/docs/autolinking.md @ http://localhost:8083/index.bundle?platform=web&dev=true&hot=false&lazy=true&transform.engine=hermes&transform.routerRoot=app&unstable_transformProfile=hermes-stable:23128
[    9483ms] [ERROR] Failed to load resource: the server responded with a status of 406 () @ https://wbimxxrbzgynigwolcnk.supabase.co/rest/v1/saved_routes?select=id&route_id=eq.1f5108b0-eccb-4ab6-bb07-24da7e919dc3&user_id=eq.e9dae6f0-4f0a-40b5-947c-7a29db18fc0f:0
[    9507ms] [ERROR] Failed to load resource: the server responded with a status of 406 () @ https://wbimxxrbzgynigwolcnk.supabase.co/rest/v1/driven_routes?select=id&route_id=eq.1f5108b0-eccb-4ab6-bb07-24da7e919dc3&user_id=eq.e9dae6f0-4f0a-40b5-947c-7a29db18fc0f:0
[    9641ms] [WARNING] ⚠️ [TranslationContext] NO beta.checklist translations found! @ http://localhost:8083/index.bundle?platform=web&dev=true&hot=false&lazy=true&transform.engine=hermes&transform.routerRoot=app&unstable_transformProfile=hermes-stable:23128
[    9654ms] [ERROR] Failed to load resource: the server responded with a status of 406 () @ https://wbimxxrbzgynigwolcnk.supabase.co/rest/v1/saved_routes?select=id&route_id=eq.1f5108b0-eccb-4ab6-bb07-24da7e919dc3&user_id=eq.e9dae6f0-4f0a-40b5-947c-7a29db18fc0f:0
[    9691ms] [ERROR] Failed to load resource: the server responded with a status of 406 () @ https://wbimxxrbzgynigwolcnk.supabase.co/rest/v1/driven_routes?select=id&route_id=eq.1f5108b0-eccb-4ab6-bb07-24da7e919dc3&user_id=eq.e9dae6f0-4f0a-40b5-947c-7a29db18fc0f:0
[    9703ms] [WARNING] No font size found md {font: undefined} in size tokens [$1, $2, $3, $4, $5, $6, $7, $8, $9, $10] @ http://localhost:8083/index.bundle?platform=web&dev=true&hot=false&lazy=true&transform.engine=hermes&transform.routerRoot=app&unstable_transformProfile=hermes-stable:23121
[    9704ms] [WARNING] No font size found md {font: undefined} in size tokens [$1, $2, $3, $4, $5, $6, $7, $8, $9, $10] @ http://localhost:8083/index.bundle?platform=web&dev=true&hot=false&lazy=true&transform.engine=hermes&transform.routerRoot=app&unstable_transformProfile=hermes-stable:23121
[    9705ms] [WARNING] No font size found md {font: undefined} in size tokens [$1, $2, $3, $4, $5, $6, $7, $8, $9, $10] @ http://localhost:8083/index.bundle?platform=web&dev=true&hot=false&lazy=true&transform.engine=hermes&transform.routerRoot=app&unstable_transformProfile=hermes-stable:23121
[    9705ms] [WARNING] [SUPPRESSED] Further font size warnings will be suppressed. This is a known issue with Tamagui token configuration. @ http://localhost:8083/index.bundle?platform=web&dev=true&hot=false&lazy=true&transform.engine=hermes&transform.routerRoot=app&unstable_transformProfile=hermes-stable:23123
[    9707ms] [ERROR] Unexpected text node: . A text node cannot be a child of a <View>. @ http://localhost:8083/index.bundle?platform=web&dev=true&hot=false&lazy=true&transform.engine=hermes&transform.routerRoot=app&unstable_transformProfile=hermes-stable:40982
[    9743ms] [WARNING] This page appears to be missing CSS declarations for Mapbox GL JS, which may cause the map to display incorrectly. Please ensure your page includes mapbox-gl.css, as described in https://www.mapbox.com/mapbox-gl-js/api/. @ http://localhost:8083/index.bundle?platform=web&dev=true&hot=false&lazy=true&transform.engine=hermes&transform.routerRoot=app&unstable_transformProfile=hermes-stable:23128
[   10429ms] [ERROR] Unexpected text node: . A text node cannot be a child of a <View>. @ http://localhost:8083/index.bundle?platform=web&dev=true&hot=false&lazy=true&transform.engine=hermes&transform.routerRoot=app&unstable_transformProfile=hermes-stable:40982
