[     349ms] [WARNING]  [Memory: 66.2MB] App went to background - potential memory pressure point @ http://localhost:8083/index.bundle?platform=web&dev=true&hot=false&lazy=true&transform.engine=hermes&transform.routerRoot=app&unstable_transformProfile=hermes-stable:23128
[     350ms] [WARNING] [ProgressScreen] [Memory: 66.2MB] App backgrounded - potential memory pressure @ http://localhost:8083/index.bundle?platform=web&dev=true&hot=false&lazy=true&transform.engine=hermes&transform.routerRoot=app&unstable_transformProfile=hermes-stable:23128
[    1534ms] [WARNING] [expo-notifications] Listening to push token changes is not yet fully supported on web. Adding a listener will have no effect. @ http://localhost:8083/index.bundle?platform=web&dev=true&hot=false&lazy=true&transform.engine=hermes&transform.routerRoot=app&unstable_transformProfile=hermes-stable:140176
[    1601ms] [WARNING] [expo-av]: Expo AV has been deprecated and will be removed in SDK 54. Use the `expo-audio` and `expo-video` packages to replace the required functionality. @ http://localhost:8083/index.bundle?platform=web&dev=true&hot=false&lazy=true&transform.engine=hermes&transform.routerRoot=app&unstable_transformProfile=hermes-stable:151909
[    1653ms] [WARNING] "shadow*" style props are deprecated. Use "boxShadow". @ http://localhost:8083/index.bundle?platform=web&dev=true&hot=false&lazy=true&transform.engine=hermes&transform.routerRoot=app&unstable_transformProfile=hermes-stable:19691
[    1657ms] [WARNING] Require cycle: src/components/CreateRouteSheet.tsx -> src/components/RouteDetailSheet/index.tsx -> src/components/RouteDetailSheet/RouteActions.tsx -> src/components/CreateRouteSheet.tsx

Require cycles are allowed, but can result in uninitialized values. Consider refactoring to remove the need for a cycle. @ http://localhost:8083/index.bundle?platform=web&dev=true&hot=false&lazy=true&transform.engine=hermes&transform.routerRoot=app&unstable_transformProfile=hermes-stable:83
[    1825ms] UnavailabilityError: The method or property Notifications.setNotificationCategoryAsync is not available on web, are you sure you've linked all the native dependencies properly?
    at Object.setNotificationCategoryAsync (http://localhost:8083/index.bundle?platform=web&dev=true&hot=false&lazy=true&transform.engine=hermes&transform.routerRoot=app&unstable_transformProfile=hermes-stable:148145:13)
    at Object.setNotificationCategoryAsync (http://localhost:8083/index.bundle?platform=web&dev=true&hot=false&lazy=true&transform.engine=hermes&transform.routerRoot=app&unstable_transformProfile=hermes-stable:148179:56)
    at setupRecordingNotifications (http://localhost:8083/index.bundle?platform=web&dev=true&hot=false&lazy=true&transform.engine=hermes&transform.routerRoot=app&unstable_transformProfile=hermes-stable:139658:25)
    at __d.0 (http://localhost:8083/index.bundle?platform=web&dev=true&hot=false&lazy=true&transform.engine=hermes&transform.routerRoot=app&unstable_transformProfile=hermes-stable:149901:50)
    at loadModuleImplementation (http://localhost:8083/index.bundle?platform=web&dev=true&hot=false&lazy=true&transform.engine=hermes&transform.routerRoot=app&unstable_transformProfile=hermes-stable:263:7)
    at guardedLoadModule (http://localhost:8083/index.bundle?platform=web&dev=true&hot=false&lazy=true&transform.engine=hermes&transform.routerRoot=app&unstable_transformProfile=hermes-stable:169:14)
    at metroRequire (http://localhost:8083/index.bundle?platform=web&dev=true&hot=false&lazy=true&transform.engine=hermes&transform.routerRoot=app&unstable_transformProfile=hermes-stable:89:75)
    at __d.0 (http://localhost:8083/index.bundle?platform=web&dev=true&hot=false&lazy=true&transform.engine=hermes&transform.routerRoot=app&unstable_transformProfile=hermes-stable:178651:34)
    at loadModuleImplementation (http://localhost:8083/index.bundle?platform=web&dev=true&hot=false&lazy=true&transform.engine=hermes&transform.routerRoot=app&unstable_transformProfile=hermes-stable:263:7)
    at guardedLoadModule (http://localhost:8083/index.bundle?platform=web&dev=true&hot=false&lazy=true&transform.engine=hermes&transform.routerRoot=app&unstable_transformProfile=hermes-stable:169:14)
[    3030ms] [WARNING] ⚠️ [TranslationContext] NO beta.checklist translations found! @ http://localhost:8083/index.bundle?platform=web&dev=true&hot=false&lazy=true&transform.engine=hermes&transform.routerRoot=app&unstable_transformProfile=hermes-stable:23128
[    3785ms] [WARNING] props.pointerEvents is deprecated. Use style.pointerEvents @ http://localhost:8083/index.bundle?platform=web&dev=true&hot=false&lazy=true&transform.engine=hermes&transform.routerRoot=app&unstable_transformProfile=hermes-stable:23128
[    3905ms] [WARNING] Animated: `useNativeDriver` is not supported because the native animated module is missing. Falling back to JS-based animation. To resolve this, add `RCTAnimation` module to this app, or remove `useNativeDriver`. Make sure to run `bundle exec pod install` first. Read more about autolinking: https://github.com/react-native-community/cli/blob/master/docs/autolinking.md @ http://localhost:8083/index.bundle?platform=web&dev=true&hot=false&lazy=true&transform.engine=hermes&transform.routerRoot=app&unstable_transformProfile=hermes-stable:23128
[    4347ms] [ERROR] Failed to load resource: the server responded with a status of 400 () @ https://wbimxxrbzgynigwolcnk.supabase.co/rest/v1/user_unlocked_content?select=content_id%2Ccontent_type%2Cunlock_method&user_id=eq.e9dae6f0-4f0a-40b5-947c-7a29db18fc0f:0
[    4381ms] [ERROR] Invalid DOM property `%s`. Did you mean `%s`? transform-origin transformOrigin @ http://localhost:8083/index.bundle?platform=web&dev=true&hot=false&lazy=true&transform.engine=hermes&transform.routerRoot=app&unstable_transformProfile=hermes-stable:3062
[    4416ms] [ERROR] Unexpected text node: . A text node cannot be a child of a <View>. @ http://localhost:8083/index.bundle?platform=web&dev=true&hot=false&lazy=true&transform.engine=hermes&transform.routerRoot=app&unstable_transformProfile=hermes-stable:40982
[    4434ms] [ERROR] Unexpected text node: . A text node cannot be a child of a <View>. @ http://localhost:8083/index.bundle?platform=web&dev=true&hot=false&lazy=true&transform.engine=hermes&transform.routerRoot=app&unstable_transformProfile=hermes-stable:40982
[    4443ms] [WARNING] ⚠️ [TranslationContext] NO beta.checklist translations found! @ http://localhost:8083/index.bundle?platform=web&dev=true&hot=false&lazy=true&transform.engine=hermes&transform.routerRoot=app&unstable_transformProfile=hermes-stable:23128
[    4447ms] [ERROR] Unexpected text node: . A text node cannot be a child of a <View>. @ http://localhost:8083/index.bundle?platform=web&dev=true&hot=false&lazy=true&transform.engine=hermes&transform.routerRoot=app&unstable_transformProfile=hermes-stable:40982
[    5241ms] [ERROR] Unexpected text node: . A text node cannot be a child of a <View>. @ http://localhost:8083/index.bundle?platform=web&dev=true&hot=false&lazy=true&transform.engine=hermes&transform.routerRoot=app&unstable_transformProfile=hermes-stable:40982
[    5244ms] [ERROR] Unexpected text node: . A text node cannot be a child of a <Card>. {display: flex, alignItems: stretch, flexBasis: auto, boxSizing: border-box, position: relative} @ http://localhost:8083/index.bundle?platform=web&dev=true&hot=false&lazy=true&transform.engine=hermes&transform.routerRoot=app&unstable_transformProfile=hermes-stable:28620
[    5262ms] [ERROR] Unexpected text node: . A text node cannot be a child of a <View>. @ http://localhost:8083/index.bundle?platform=web&dev=true&hot=false&lazy=true&transform.engine=hermes&transform.routerRoot=app&unstable_transformProfile=hermes-stable:40982
[    5263ms] [ERROR] Unexpected text node: . A text node cannot be a child of a <Card>. {display: flex, alignItems: stretch, flexBasis: auto, boxSizing: border-box, position: relative} @ http://localhost:8083/index.bundle?platform=web&dev=true&hot=false&lazy=true&transform.engine=hermes&transform.routerRoot=app&unstable_transformProfile=hermes-stable:28620
[    5270ms] [ERROR] Unexpected text node: . A text node cannot be a child of a <Card>. {display: flex, alignItems: stretch, flexBasis: auto, boxSizing: border-box, position: relative} @ http://localhost:8083/index.bundle?platform=web&dev=true&hot=false&lazy=true&transform.engine=hermes&transform.routerRoot=app&unstable_transformProfile=hermes-stable:28620
[    5356ms] [ERROR] Unexpected text node: . A text node cannot be a child of a <View>. @ http://localhost:8083/index.bundle?platform=web&dev=true&hot=false&lazy=true&transform.engine=hermes&transform.routerRoot=app&unstable_transformProfile=hermes-stable:40982
[    5357ms] [ERROR] Unexpected text node: . A text node cannot be a child of a <Card>. {display: flex, alignItems: stretch, flexBasis: auto, boxSizing: border-box, position: relative} @ http://localhost:8083/index.bundle?platform=web&dev=true&hot=false&lazy=true&transform.engine=hermes&transform.routerRoot=app&unstable_transformProfile=hermes-stable:28620
[    6317ms] [ERROR] Unexpected text node: . A text node cannot be a child of a <View>. @ http://localhost:8083/index.bundle?platform=web&dev=true&hot=false&lazy=true&transform.engine=hermes&transform.routerRoot=app&unstable_transformProfile=hermes-stable:40982
[    6318ms] [ERROR] Unexpected text node: . A text node cannot be a child of a <Card>. {display: flex, alignItems: stretch, flexBasis: auto, boxSizing: border-box, position: relative} @ http://localhost:8083/index.bundle?platform=web&dev=true&hot=false&lazy=true&transform.engine=hermes&transform.routerRoot=app&unstable_transformProfile=hermes-stable:28620
[    6363ms] [ERROR] Unexpected text node: . A text node cannot be a child of a <View>. @ http://localhost:8083/index.bundle?platform=web&dev=true&hot=false&lazy=true&transform.engine=hermes&transform.routerRoot=app&unstable_transformProfile=hermes-stable:40982
[    6364ms] [ERROR] Unexpected text node: . A text node cannot be a child of a <Card>. {display: flex, alignItems: stretch, flexBasis: auto, boxSizing: border-box, position: relative} @ http://localhost:8083/index.bundle?platform=web&dev=true&hot=false&lazy=true&transform.engine=hermes&transform.routerRoot=app&unstable_transformProfile=hermes-stable:28620
[    6786ms] [ERROR] Unexpected text node: . A text node cannot be a child of a <View>. @ http://localhost:8083/index.bundle?platform=web&dev=true&hot=false&lazy=true&transform.engine=hermes&transform.routerRoot=app&unstable_transformProfile=hermes-stable:40982
[    6787ms] [ERROR] Unexpected text node: . A text node cannot be a child of a <Card>. {display: flex, alignItems: stretch, flexBasis: auto, boxSizing: border-box, position: relative} @ http://localhost:8083/index.bundle?platform=web&dev=true&hot=false&lazy=true&transform.engine=hermes&transform.routerRoot=app&unstable_transformProfile=hermes-stable:28620
[    7124ms] [ERROR] Unexpected text node: . A text node cannot be a child of a <View>. @ http://localhost:8083/index.bundle?platform=web&dev=true&hot=false&lazy=true&transform.engine=hermes&transform.routerRoot=app&unstable_transformProfile=hermes-stable:40982
[    7125ms] [ERROR] Unexpected text node: . A text node cannot be a child of a <Card>. {display: flex, alignItems: stretch, flexBasis: auto, boxSizing: border-box, position: relative} @ http://localhost:8083/index.bundle?platform=web&dev=true&hot=false&lazy=true&transform.engine=hermes&transform.routerRoot=app&unstable_transformProfile=hermes-stable:28620
[    7165ms] [ERROR] Unexpected text node: . A text node cannot be a child of a <View>. @ http://localhost:8083/index.bundle?platform=web&dev=true&hot=false&lazy=true&transform.engine=hermes&transform.routerRoot=app&unstable_transformProfile=hermes-stable:40982
[    7165ms] [ERROR] Unexpected text node: . A text node cannot be a child of a <Card>. {display: flex, alignItems: stretch, flexBasis: auto, boxSizing: border-box, position: relative} @ http://localhost:8083/index.bundle?platform=web&dev=true&hot=false&lazy=true&transform.engine=hermes&transform.routerRoot=app&unstable_transformProfile=hermes-stable:28620
[    7576ms] [ERROR] Unexpected text node: . A text node cannot be a child of a <View>. @ http://localhost:8083/index.bundle?platform=web&dev=true&hot=false&lazy=true&transform.engine=hermes&transform.routerRoot=app&unstable_transformProfile=hermes-stable:40982
[    7577ms] [ERROR] Unexpected text node: . A text node cannot be a child of a <Card>. {display: flex, alignItems: stretch, flexBasis: auto, boxSizing: border-box, position: relative} @ http://localhost:8083/index.bundle?platform=web&dev=true&hot=false&lazy=true&transform.engine=hermes&transform.routerRoot=app&unstable_transformProfile=hermes-stable:28620
[    7624ms] [ERROR] Unexpected text node: . A text node cannot be a child of a <View>. @ http://localhost:8083/index.bundle?platform=web&dev=true&hot=false&lazy=true&transform.engine=hermes&transform.routerRoot=app&unstable_transformProfile=hermes-stable:40982
[    7625ms] [ERROR] Unexpected text node: . A text node cannot be a child of a <Card>. {display: flex, alignItems: stretch, flexBasis: auto, boxSizing: border-box, position: relative} @ http://localhost:8083/index.bundle?platform=web&dev=true&hot=false&lazy=true&transform.engine=hermes&transform.routerRoot=app&unstable_transformProfile=hermes-stable:28620
[    8041ms] [ERROR] Unexpected text node: . A text node cannot be a child of a <View>. @ http://localhost:8083/index.bundle?platform=web&dev=true&hot=false&lazy=true&transform.engine=hermes&transform.routerRoot=app&unstable_transformProfile=hermes-stable:40982
[    8042ms] [ERROR] Unexpected text node: . A text node cannot be a child of a <Card>. {display: flex, alignItems: stretch, flexBasis: auto, boxSizing: border-box, position: relative} @ http://localhost:8083/index.bundle?platform=web&dev=true&hot=false&lazy=true&transform.engine=hermes&transform.routerRoot=app&unstable_transformProfile=hermes-stable:28620
[    8081ms] [ERROR] Unexpected text node: . A text node cannot be a child of a <View>. @ http://localhost:8083/index.bundle?platform=web&dev=true&hot=false&lazy=true&transform.engine=hermes&transform.routerRoot=app&unstable_transformProfile=hermes-stable:40982
[    8082ms] [ERROR] Unexpected text node: . A text node cannot be a child of a <Card>. {display: flex, alignItems: stretch, flexBasis: auto, boxSizing: border-box, position: relative} @ http://localhost:8083/index.bundle?platform=web&dev=true&hot=false&lazy=true&transform.engine=hermes&transform.routerRoot=app&unstable_transformProfile=hermes-stable:28620
[    8642ms] [ERROR] Unexpected text node: . A text node cannot be a child of a <View>. @ http://localhost:8083/index.bundle?platform=web&dev=true&hot=false&lazy=true&transform.engine=hermes&transform.routerRoot=app&unstable_transformProfile=hermes-stable:40982
[    8643ms] [ERROR] Unexpected text node: . A text node cannot be a child of a <Card>. {display: flex, alignItems: stretch, flexBasis: auto, boxSizing: border-box, position: relative} @ http://localhost:8083/index.bundle?platform=web&dev=true&hot=false&lazy=true&transform.engine=hermes&transform.routerRoot=app&unstable_transformProfile=hermes-stable:28620
[    9889ms] [ERROR] Unexpected text node: . A text node cannot be a child of a <View>. @ http://localhost:8083/index.bundle?platform=web&dev=true&hot=false&lazy=true&transform.engine=hermes&transform.routerRoot=app&unstable_transformProfile=hermes-stable:40982
[    9891ms] [ERROR] Unexpected text node: . A text node cannot be a child of a <Card>. {display: flex, alignItems: stretch, flexBasis: auto, boxSizing: border-box, position: relative} @ http://localhost:8083/index.bundle?platform=web&dev=true&hot=false&lazy=true&transform.engine=hermes&transform.routerRoot=app&unstable_transformProfile=hermes-stable:28620
